<?xml version="1.0" encoding="UTF-8"?>
<!-- Generated by org.testng.reporters.JUnitReportReporter -->
<testsuite skipped="0" hostname="DESKTOP-D16TEFM" name="com.test.testcases.QAClickAcademy" tests="4" failures="0" timestamp="17 Jul 2019 09:12:36 GMT" time="100.566" errors="0">
  <testcase name="checkBannerOnLandingPage" time="6.422" classname="com.test.testcases.QAClickAcademy"/>
  <testcase name="loadlandingPage" time="17.280" classname="com.test.testcases.QAClickAcademy"/>
  <testcase name="loadloginPage" time="39.863" classname="com.test.testcases.QAClickAcademy"/>
  <testcase name="loadloginPage" time="37.001" classname="com.test.testcases.QAClickAcademy"/>
</testsuite> <!-- com.test.testcases.QAClickAcademy -->
