<?xml version="1.0" encoding="UTF-8"?>
<!-- Generated by org.testng.reporters.JUnitReportReporter -->
<testsuite skipped="0" hostname="DESKTOP-D16TEFM" name="com.test.testcases.testLandingPage" tests="2" failures="0" timestamp="18 Jul 2019 10:11:15 GMT" time="35.239" errors="0">
  <testcase name="checkBannerOnLandingPage" time="11.940" classname="com.test.testcases.testLandingPage"/>
  <testcase name="loadlandingPage" time="23.299" classname="com.test.testcases.testLandingPage"/>
</testsuite> <!-- com.test.testcases.testLandingPage -->
