<?xml version="1.0" encoding="UTF-8"?>
<!-- Generated by org.testng.reporters.JUnitReportReporter -->
<testsuite skipped="0" hostname="DESKTOP-D16TEFM" name="com.test.testcases.testLoginPage" tests="2" failures="0" timestamp="18 Jul 2019 10:11:15 GMT" time="33.198" errors="0">
  <testcase name="loadloginPage" time="19.414" classname="com.test.testcases.testLoginPage"/>
  <testcase name="loadloginPage" time="13.784" classname="com.test.testcases.testLoginPage"/>
</testsuite> <!-- com.test.testcases.testLoginPage -->
